Arguments: 
  /home/chefmike/.nvm/versions/node/v16.14.2/bin/node /home/chefmike/.node/corepack/yarn/1.22.15/bin/yarn.js add --dev prettier-plugin-soldity

PATH: 
  /home/chefmike/.local/bin:/home/chefmike/.nvm/versions/node/v16.14.2/bin:/usr/local/sbin:/usr/local/bin:/usr/sbin:/usr/bin:/sbin:/bin:/usr/games:/usr/local/games:/usr/lib/wsl/lib:/mnt/c/Users/Dinis Araújo/AppData/Local/Programs/Python/Python310/Scripts/:/mnt/c/Users/Dinis Araújo/AppData/Local/Programs/Python/Python310/:/mnt/c/WINDOWS/system32:/mnt/c/WINDOWS:/mnt/c/WINDOWS/System32/Wbem:/mnt/c/WINDOWS/System32/WindowsPowerShell/v1.0/:/mnt/c/WINDOWS/System32/OpenSSH/:/mnt/c/Program Files/Docker/Docker/resources/bin:/mnt/c/ProgramData/DockerDesktop/version-bin:/mnt/c/Program Files/Git/cmd:/mnt/c/Program Files/Geth:/mnt/c/Program Files/PowerShell/7/:/mnt/c/Program Files/dotnet/:/mnt/c/Program Files/nodejs/:/mnt/c/ProgramData/chocolatey/bin:/mnt/c/Users/Dinis Araújo/AppData/Local/Microsoft/WindowsApps:/mnt/c/Users/Dinis Araújo/AppData/Local/GitHubDesktop/bin:/mnt/c/Program Files/Git:/mnt/c/Users/Dinis Araújo/AppData/Local/Programs/Microsoft VS Code/bin:/mnt/c/users/dinis araújo/.local/bin:/mnt/c/users/dinis araújo/appdata/roaming/python/python310/scripts:/mnt/c/Users/Dinis Araújo/AppData/Local/Programs/Python/Python310/Scripts:/mnt/c/Users/Dinis Araújo/AppData/Local/atom/bin:/mnt/c/Users/Dinis Araújo/AppData/Roaming/npm:/snap/bin:/home/chefmike/.local/bin:/home/chefmike/.local/bin

Yarn version: 
  1.22.15

Node version: 
  16.14.2

Platform: 
  linux x64

Trace: 
  Error: https://registry.yarnpkg.com/prettier-plugin-soldity: Not found
      at Request.params.callback [as _callback] (/home/chefmike/.node/corepack/yarn/1.22.15/lib/cli.js:66140:18)
      at Request.self.callback (/home/chefmike/.node/corepack/yarn/1.22.15/lib/cli.js:140885:22)
      at Request.emit (node:events:526:28)
      at Request.<anonymous> (/home/chefmike/.node/corepack/yarn/1.22.15/lib/cli.js:141857:10)
      at Request.emit (node:events:526:28)
      at IncomingMessage.<anonymous> (/home/chefmike/.node/corepack/yarn/1.22.15/lib/cli.js:141779:12)
      at Object.onceWrapper (node:events:645:28)
      at IncomingMessage.emit (node:events:538:35)
      at endReadableNT (node:internal/streams/readable:1345:12)
      at processTicksAndRejections (node:internal/process/task_queues:83:21)

npm manifest: 
  {
    "name": "lesson8",
    "version": "1.0.0",
    "main": "index.js",
    "license": "MIT",
    "devDependencies": {
      "prettier": "^2.7.1"
    }
  }

yarn manifest: 
  No manifest

Lockfile: 
  # THIS IS AN AUTOGENERATED FILE. DO NOT EDIT THIS FILE DIRECTLY.
  # yarn lockfile v1
  
  
  prettier@^2.7.1:
    version "2.7.1"
    resolved "https://registry.yarnpkg.com/prettier/-/prettier-2.7.1.tgz#e235806850d057f97bb08368a4f7d899f7760c64"
    integrity sha512-ujppO+MkdPqoVINuDFDRLClm7D78qbDt0/NR+wp5FqEZOoTNAjPHWj17QRhu7geIHJfcNhRk1XVQmF8Bp3ye+g==
